<?xml version="1.0" encoding="UTF-8"?>
<!-- Generated by org.testng.reporters.JUnitXMLReporter -->
<testsuite ignored="0" hostname="INDELNB2172" failures="0" tests="4" name="Default test" time="12.125" errors="0" timestamp="2025-05-01T02:01:20 IST">
  <testcase classname="tests.LoginTests" name="loginWithMultipleCredentials" time="0.353"/>
  <testcase classname="tests.LoginTests" name="loginWithMultipleCredentials" time="0.302"/>
  <testcase classname="tests.LoginTests" name="loginWithMultipleCredentials" time="0.273"/>
  <testcase classname="tests.LoginTests" name="loginWithMultipleCredentials" time="0.335"/>
</testsuite> <!-- Default test -->
