<?xml version="1.0" encoding="UTF-8"?>
<testng-results ignored="0" total="4" passed="4" failed="0" skipped="0">
  <reporter-output>
  </reporter-output>
  <suite started-at="2025-05-01T02:01:08 IST" name="Default suite" finished-at="2025-05-01T02:01:20 IST" duration-ms="12125">
    <groups>
    </groups>
    <test started-at="2025-05-01T02:01:08 IST" name="Default test" finished-at="2025-05-01T02:01:20 IST" duration-ms="12125">
      <class name="tests.LoginTests">
        <test-method is-config="true" signature="startReport()[pri:0, instance:tests.LoginTests@77f1baf5]" started-at="2025-05-01T02:01:08 IST" name="startReport" finished-at="2025-05-01T02:01:08 IST" duration-ms="227" status="PASS">
          <reporter-output>
          </reporter-output>
        </test-method> <!-- startReport -->
        <test-method is-config="true" signature="setup()[pri:0, instance:tests.LoginTests@77f1baf5]" started-at="2025-05-01T02:01:08 IST" name="setup" finished-at="2025-05-01T02:01:11 IST" duration-ms="3197" status="PASS">
          <reporter-output>
          </reporter-output>
        </test-method> <!-- setup -->
        <test-method signature="loginWithMultipleCredentials(java.lang.String,java.lang.String,boolean)[pri:0, instance:tests.LoginTests@77f1baf5]" started-at="2025-05-01T02:01:11 IST" name="loginWithMultipleCredentials" data-provider="loginData" finished-at="2025-05-01T02:01:12 IST" duration-ms="353" status="PASS">
          <params>
            <param index="0">
              <value>
                <![CDATA[standard_user]]>
              </value>
            </param>
            <param index="1">
              <value>
                <![CDATA[secret_sauce]]>
              </value>
            </param>
            <param index="2">
              <value>
                <![CDATA[true]]>
              </value>
            </param>
          </params>
          <reporter-output>
          </reporter-output>
        </test-method> <!-- loginWithMultipleCredentials -->
        <test-method is-config="true" signature="tearDown(org.testng.ITestResult)[pri:0, instance:tests.LoginTests@77f1baf5]" started-at="2025-05-01T02:01:12 IST" name="tearDown" finished-at="2025-05-01T02:01:12 IST" duration-ms="155" status="PASS">
          <params>
            <param index="0">
              <value>
                <![CDATA[[TestResult name=loginWithMultipleCredentials status=SUCCESS method=LoginTests.loginWithMultipleCredentials(java.lang.String,java.lang.String,boolean)[pri:0, instance:tests.LoginTests@77f1baf5] output={null}]]]>
              </value>
            </param>
          </params>
          <reporter-output>
          </reporter-output>
        </test-method> <!-- tearDown -->
        <test-method is-config="true" signature="setup()[pri:0, instance:tests.LoginTests@77f1baf5]" started-at="2025-05-01T02:01:12 IST" name="setup" finished-at="2025-05-01T02:01:14 IST" duration-ms="2147" status="PASS">
          <reporter-output>
          </reporter-output>
        </test-method> <!-- setup -->
        <test-method signature="loginWithMultipleCredentials(java.lang.String,java.lang.String,boolean)[pri:0, instance:tests.LoginTests@77f1baf5]" started-at="2025-05-01T02:01:14 IST" name="loginWithMultipleCredentials" data-provider="loginData" finished-at="2025-05-01T02:01:14 IST" duration-ms="302" status="PASS">
          <params>
            <param index="0">
              <value>
                <![CDATA[invalid_user]]>
              </value>
            </param>
            <param index="1">
              <value>
                <![CDATA[wrong_pass]]>
              </value>
            </param>
            <param index="2">
              <value>
                <![CDATA[false]]>
              </value>
            </param>
          </params>
          <reporter-output>
          </reporter-output>
        </test-method> <!-- loginWithMultipleCredentials -->
        <test-method is-config="true" signature="tearDown(org.testng.ITestResult)[pri:0, instance:tests.LoginTests@77f1baf5]" started-at="2025-05-01T02:01:14 IST" name="tearDown" finished-at="2025-05-01T02:01:14 IST" duration-ms="133" status="PASS">
          <params>
            <param index="0">
              <value>
                <![CDATA[[TestResult name=loginWithMultipleCredentials status=SUCCESS method=LoginTests.loginWithMultipleCredentials(java.lang.String,java.lang.String,boolean)[pri:0, instance:tests.LoginTests@77f1baf5] output={null}]]]>
              </value>
            </param>
          </params>
          <reporter-output>
          </reporter-output>
        </test-method> <!-- tearDown -->
        <test-method is-config="true" signature="setup()[pri:0, instance:tests.LoginTests@77f1baf5]" started-at="2025-05-01T02:01:14 IST" name="setup" finished-at="2025-05-01T02:01:17 IST" duration-ms="2277" status="PASS">
          <reporter-output>
          </reporter-output>
        </test-method> <!-- setup -->
        <test-method signature="loginWithMultipleCredentials(java.lang.String,java.lang.String,boolean)[pri:0, instance:tests.LoginTests@77f1baf5]" started-at="2025-05-01T02:01:17 IST" name="loginWithMultipleCredentials" data-provider="loginData" finished-at="2025-05-01T02:01:17 IST" duration-ms="273" status="PASS">
          <params>
            <param index="0">
              <value>
                <![CDATA[]]>
              </value>
            </param>
            <param index="1">
              <value>
                <![CDATA[]]>
              </value>
            </param>
            <param index="2">
              <value>
                <![CDATA[false]]>
              </value>
            </param>
          </params>
          <reporter-output>
          </reporter-output>
        </test-method> <!-- loginWithMultipleCredentials -->
        <test-method is-config="true" signature="tearDown(org.testng.ITestResult)[pri:0, instance:tests.LoginTests@77f1baf5]" started-at="2025-05-01T02:01:17 IST" name="tearDown" finished-at="2025-05-01T02:01:17 IST" duration-ms="127" status="PASS">
          <params>
            <param index="0">
              <value>
                <![CDATA[[TestResult name=loginWithMultipleCredentials status=SUCCESS method=LoginTests.loginWithMultipleCredentials(java.lang.String,java.lang.String,boolean)[pri:0, instance:tests.LoginTests@77f1baf5] output={null}]]]>
              </value>
            </param>
          </params>
          <reporter-output>
          </reporter-output>
        </test-method> <!-- tearDown -->
        <test-method is-config="true" signature="setup()[pri:0, instance:tests.LoginTests@77f1baf5]" started-at="2025-05-01T02:01:17 IST" name="setup" finished-at="2025-05-01T02:01:19 IST" duration-ms="2241" status="PASS">
          <reporter-output>
          </reporter-output>
        </test-method> <!-- setup -->
        <test-method signature="loginWithMultipleCredentials(java.lang.String,java.lang.String,boolean)[pri:0, instance:tests.LoginTests@77f1baf5]" started-at="2025-05-01T02:01:19 IST" name="loginWithMultipleCredentials" data-provider="loginData" finished-at="2025-05-01T02:01:20 IST" duration-ms="335" status="PASS">
          <params>
            <param index="0">
              <value>
                <![CDATA[locked_out_user]]>
              </value>
            </param>
            <param index="1">
              <value>
                <![CDATA[secret_sauce]]>
              </value>
            </param>
            <param index="2">
              <value>
                <![CDATA[false]]>
              </value>
            </param>
          </params>
          <reporter-output>
          </reporter-output>
        </test-method> <!-- loginWithMultipleCredentials -->
        <test-method is-config="true" signature="tearDown(org.testng.ITestResult)[pri:0, instance:tests.LoginTests@77f1baf5]" started-at="2025-05-01T02:01:20 IST" name="tearDown" finished-at="2025-05-01T02:01:20 IST" duration-ms="107" status="PASS">
          <params>
            <param index="0">
              <value>
                <![CDATA[[TestResult name=loginWithMultipleCredentials status=SUCCESS method=LoginTests.loginWithMultipleCredentials(java.lang.String,java.lang.String,boolean)[pri:0, instance:tests.LoginTests@77f1baf5] output={null}]]]>
              </value>
            </param>
          </params>
          <reporter-output>
          </reporter-output>
        </test-method> <!-- tearDown -->
        <test-method is-config="true" signature="endReport()[pri:0, instance:tests.LoginTests@77f1baf5]" started-at="2025-05-01T02:01:20 IST" name="endReport" finished-at="2025-05-01T02:01:20 IST" duration-ms="212" status="PASS">
          <reporter-output>
          </reporter-output>
        </test-method> <!-- endReport -->
      </class> <!-- tests.LoginTests -->
    </test> <!-- Default test -->
  </suite> <!-- Default suite -->
</testng-results>
